<?xml version="1.0" encoding="UTF-8"?>
<!-- Generated by org.testng.reporters.JUnitReportReporter -->
<testsuite hostname="LAPTOP-EQRVS8JD" failures="0" tests="2" name="com.abhishek.SubmitOrder" time="8.712" errors="0" timestamp="2024-08-31T11:46:54 IST" skipped="0">
  <testcase classname="com.abhishek.SubmitOrder" name="submitOrder" time="6.193"/>
  <testcase classname="com.abhishek.SubmitOrder" name="orderHistory" time="2.519"/>
</testsuite> <!-- com.abhishek.SubmitOrder -->
