<?xml version="1.0" encoding="UTF-8"?>
<!-- Generated by org.testng.reporters.JUnitReportReporter -->
<testsuite hostname="LAPTOP-EQRVS8JD" failures="0" tests="2" name="com.abhishek.ErrorVaalidationTest" time="8.806" errors="0" timestamp="2024-08-31T11:46:54 IST" skipped="0">
  <testcase classname="com.abhishek.ErrorVaalidationTest" name="loginErrorValidation" time="2.898"/>
  <testcase classname="com.abhishek.ErrorVaalidationTest" name="productErrorValidation" time="5.908"/>
</testsuite> <!-- com.abhishek.ErrorVaalidationTest -->
