<?xml version="1.0" encoding="UTF-8"?>
<!-- Generated by org.testng.reporters.JUnitReportReporter -->
<testsuite hostname="LAPTOP-EQRVS8JD" failures="0" tests="2" name="com.abhishek.ErrorVaalidationTest" time="8.743" errors="0" timestamp="2024-08-31T12:51:03 IST" skipped="0">
  <testcase classname="com.abhishek.ErrorVaalidationTest" name="loginErrorValidation" time="2.989"/>
  <testcase classname="com.abhishek.ErrorVaalidationTest" name="productErrorValidation" time="5.754"/>
</testsuite> <!-- com.abhishek.ErrorVaalidationTest -->
